The system is: Linux - 4.15.15-1-zen - x86_64
Compiling the C compiler identification source file "CMakeCCompilerId.c" succeeded.
Compiler: /usr/bin/gcc 
Build flags: 
Id flags:  

The output was:
0


Compilation of the C compiler identification source "CMakeCCompilerId.c" produced "a.out"

The C compiler identification is GNU, found in "/media/storage/github/nekobot/CMakeFiles/3.10.3/CompilerIdC/a.out"

Compiling the CXX compiler identification source file "CMakeCXXCompilerId.cpp" succeeded.
Compiler: /usr/bin/g++ 
Build flags: 
Id flags:  

The output was:
0


Compilation of the CXX compiler identification source "CMakeCXXCompilerId.cpp" produced "a.out"

The CXX compiler identification is GNU, found in "/media/storage/github/nekobot/CMakeFiles/3.10.3/CompilerIdCXX/a.out"

Determining if the C compiler works passed with the following output:
Change Dir: /media/storage/github/nekobot/CMakeFiles/CMakeTmp

Run Build Command:"/usr/bin/make" "cmTC_c682d/fast"
/usr/bin/make -f CMakeFiles/cmTC_c682d.dir/build.make CMakeFiles/cmTC_c682d.dir/build
make[1]: Entering directory '/media/storage/github/nekobot/CMakeFiles/CMakeTmp'
Building C object CMakeFiles/cmTC_c682d.dir/testCCompiler.c.o
/usr/bin/gcc    -o CMakeFiles/cmTC_c682d.dir/testCCompiler.c.o   -c /media/storage/github/nekobot/CMakeFiles/CMakeTmp/testCCompiler.c
Linking C executable cmTC_c682d
/usr/bin/cmake -E cmake_link_script CMakeFiles/cmTC_c682d.dir/link.txt --verbose=1
/usr/bin/gcc      -rdynamic CMakeFiles/cmTC_c682d.dir/testCCompiler.c.o  -o cmTC_c682d 
make[1]: Leaving directory '/media/storage/github/nekobot/CMakeFiles/CMakeTmp'


Detecting C compiler ABI info compiled with the following output:
Change Dir: /media/storage/github/nekobot/CMakeFiles/CMakeTmp

Run Build Command:"/usr/bin/make" "cmTC_b1dac/fast"
/usr/bin/make -f CMakeFiles/cmTC_b1dac.dir/build.make CMakeFiles/cmTC_b1dac.dir/build
make[1]: Entering directory '/media/storage/github/nekobot/CMakeFiles/CMakeTmp'
Building C object CMakeFiles/cmTC_b1dac.dir/CMakeCCompilerABI.c.o
/usr/bin/gcc    -o CMakeFiles/cmTC_b1dac.dir/CMakeCCompilerABI.c.o   -c /usr/share/cmake-3.10/Modules/CMakeCCompilerABI.c
Linking C executable cmTC_b1dac
/usr/bin/cmake -E cmake_link_script CMakeFiles/cmTC_b1dac.dir/link.txt --verbose=1
/usr/bin/gcc     -v -rdynamic CMakeFiles/cmTC_b1dac.dir/CMakeCCompilerABI.c.o  -o cmTC_b1dac 
Using built-in specs.
COLLECT_GCC=/usr/bin/gcc
COLLECT_LTO_WRAPPER=/usr/lib/gcc/x86_64-pc-linux-gnu/7.3.1/lto-wrapper
Target: x86_64-pc-linux-gnu
Configured with: /build/gcc/src/gcc/configure --prefix=/usr --libdir=/usr/lib --libexecdir=/usr/lib --mandir=/usr/share/man --infodir=/usr/share/info --with-bugurl=https://bugs.archlinux.org/ --enable-languages=c,c++,ada,fortran,go,lto,objc,obj-c++ --enable-shared --enable-threads=posix --enable-libmpx --with-system-zlib --with-isl --enable-__cxa_atexit --disable-libunwind-exceptions --enable-clocale=gnu --disable-libstdcxx-pch --disable-libssp --enable-gnu-unique-object --enable-linker-build-id --enable-lto --enable-plugin --enable-install-libiberty --with-linker-hash-style=gnu --enable-gnu-indirect-function --enable-multilib --disable-werror --enable-checking=release --enable-default-pie --enable-default-ssp
Thread model: posix
gcc version 7.3.1 20180312 (GCC) 
COMPILER_PATH=/usr/lib/gcc/x86_64-pc-linux-gnu/7.3.1/:/usr/lib/gcc/x86_64-pc-linux-gnu/7.3.1/:/usr/lib/gcc/x86_64-pc-linux-gnu/:/usr/lib/gcc/x86_64-pc-linux-gnu/7.3.1/:/usr/lib/gcc/x86_64-pc-linux-gnu/
LIBRARY_PATH=/usr/lib/gcc/x86_64-pc-linux-gnu/7.3.1/:/usr/lib/gcc/x86_64-pc-linux-gnu/7.3.1/../../../../lib/:/lib/../lib/:/usr/lib/../lib/:/usr/lib/gcc/x86_64-pc-linux-gnu/7.3.1/../../../:/lib/:/usr/lib/
COLLECT_GCC_OPTIONS='-v' '-rdynamic' '-o' 'cmTC_b1dac' '-mtune=generic' '-march=x86-64'
 /usr/lib/gcc/x86_64-pc-linux-gnu/7.3.1/collect2 -plugin /usr/lib/gcc/x86_64-pc-linux-gnu/7.3.1/liblto_plugin.so -plugin-opt=/usr/lib/gcc/x86_64-pc-linux-gnu/7.3.1/lto-wrapper -plugin-opt=-fresolution=/tmp/ccDtNNtq.res -plugin-opt=-pass-through=-lgcc -plugin-opt=-pass-through=-lgcc_s -plugin-opt=-pass-through=-lc -plugin-opt=-pass-through=-lgcc -plugin-opt=-pass-through=-lgcc_s --build-id --eh-frame-hdr --hash-style=gnu -m elf_x86_64 -export-dynamic -dynamic-linker /lib64/ld-linux-x86-64.so.2 -pie -o cmTC_b1dac /usr/lib/gcc/x86_64-pc-linux-gnu/7.3.1/../../../../lib/Scrt1.o /usr/lib/gcc/x86_64-pc-linux-gnu/7.3.1/../../../../lib/crti.o /usr/lib/gcc/x86_64-pc-linux-gnu/7.3.1/crtbeginS.o -L/usr/lib/gcc/x86_64-pc-linux-gnu/7.3.1 -L/usr/lib/gcc/x86_64-pc-linux-gnu/7.3.1/../../../../lib -L/lib/../lib -L/usr/lib/../lib -L/usr/lib/gcc/x86_64-pc-linux-gnu/7.3.1/../../.. CMakeFiles/cmTC_b1dac.dir/CMakeCCompilerABI.c.o -lgcc --as-needed -lgcc_s --no-as-needed -lc -lgcc --as-needed -lgcc_s --no-as-needed /usr/lib/gcc/x86_64-pc-linux-gnu/7.3.1/crtendS.o /usr/lib/gcc/x86_64-pc-linux-gnu/7.3.1/../../../../lib/crtn.o
COLLECT_GCC_OPTIONS='-v' '-rdynamic' '-o' 'cmTC_b1dac' '-mtune=generic' '-march=x86-64'
make[1]: Leaving directory '/media/storage/github/nekobot/CMakeFiles/CMakeTmp'


Parsed C implicit link information from above output:
  link line regex: [^( *|.*[/\])(ld|CMAKE_LINK_STARTFILE-NOTFOUND|([^/\]+-)?ld|collect2)[^/\]*( |$)]
  ignore line: [Change Dir: /media/storage/github/nekobot/CMakeFiles/CMakeTmp]
  ignore line: []
  ignore line: [Run Build Command:"/usr/bin/make" "cmTC_b1dac/fast"]
  ignore line: [/usr/bin/make -f CMakeFiles/cmTC_b1dac.dir/build.make CMakeFiles/cmTC_b1dac.dir/build]
  ignore line: [make[1]: Entering directory '/media/storage/github/nekobot/CMakeFiles/CMakeTmp']
  ignore line: [Building C object CMakeFiles/cmTC_b1dac.dir/CMakeCCompilerABI.c.o]
  ignore line: [/usr/bin/gcc    -o CMakeFiles/cmTC_b1dac.dir/CMakeCCompilerABI.c.o   -c /usr/share/cmake-3.10/Modules/CMakeCCompilerABI.c]
  ignore line: [Linking C executable cmTC_b1dac]
  ignore line: [/usr/bin/cmake -E cmake_link_script CMakeFiles/cmTC_b1dac.dir/link.txt --verbose=1]
  ignore line: [/usr/bin/gcc     -v -rdynamic CMakeFiles/cmTC_b1dac.dir/CMakeCCompilerABI.c.o  -o cmTC_b1dac ]
  ignore line: [Using built-in specs.]
  ignore line: [COLLECT_GCC=/usr/bin/gcc]
  ignore line: [COLLECT_LTO_WRAPPER=/usr/lib/gcc/x86_64-pc-linux-gnu/7.3.1/lto-wrapper]
  ignore line: [Target: x86_64-pc-linux-gnu]
  ignore line: [Configured with: /build/gcc/src/gcc/configure --prefix=/usr --libdir=/usr/lib --libexecdir=/usr/lib --mandir=/usr/share/man --infodir=/usr/share/info --with-bugurl=https://bugs.archlinux.org/ --enable-languages=c,c++,ada,fortran,go,lto,objc,obj-c++ --enable-shared --enable-threads=posix --enable-libmpx --with-system-zlib --with-isl --enable-__cxa_atexit --disable-libunwind-exceptions --enable-clocale=gnu --disable-libstdcxx-pch --disable-libssp --enable-gnu-unique-object --enable-linker-build-id --enable-lto --enable-plugin --enable-install-libiberty --with-linker-hash-style=gnu --enable-gnu-indirect-function --enable-multilib --disable-werror --enable-checking=release --enable-default-pie --enable-default-ssp]
  ignore line: [Thread model: posix]
  ignore line: [gcc version 7.3.1 20180312 (GCC) ]
  ignore line: [COMPILER_PATH=/usr/lib/gcc/x86_64-pc-linux-gnu/7.3.1/:/usr/lib/gcc/x86_64-pc-linux-gnu/7.3.1/:/usr/lib/gcc/x86_64-pc-linux-gnu/:/usr/lib/gcc/x86_64-pc-linux-gnu/7.3.1/:/usr/lib/gcc/x86_64-pc-linux-gnu/]
  ignore line: [LIBRARY_PATH=/usr/lib/gcc/x86_64-pc-linux-gnu/7.3.1/:/usr/lib/gcc/x86_64-pc-linux-gnu/7.3.1/../../../../lib/:/lib/../lib/:/usr/lib/../lib/:/usr/lib/gcc/x86_64-pc-linux-gnu/7.3.1/../../../:/lib/:/usr/lib/]
  ignore line: [COLLECT_GCC_OPTIONS='-v' '-rdynamic' '-o' 'cmTC_b1dac' '-mtune=generic' '-march=x86-64']
  link line: [ /usr/lib/gcc/x86_64-pc-linux-gnu/7.3.1/collect2 -plugin /usr/lib/gcc/x86_64-pc-linux-gnu/7.3.1/liblto_plugin.so -plugin-opt=/usr/lib/gcc/x86_64-pc-linux-gnu/7.3.1/lto-wrapper -plugin-opt=-fresolution=/tmp/ccDtNNtq.res -plugin-opt=-pass-through=-lgcc -plugin-opt=-pass-through=-lgcc_s -plugin-opt=-pass-through=-lc -plugin-opt=-pass-through=-lgcc -plugin-opt=-pass-through=-lgcc_s --build-id --eh-frame-hdr --hash-style=gnu -m elf_x86_64 -export-dynamic -dynamic-linker /lib64/ld-linux-x86-64.so.2 -pie -o cmTC_b1dac /usr/lib/gcc/x86_64-pc-linux-gnu/7.3.1/../../../../lib/Scrt1.o /usr/lib/gcc/x86_64-pc-linux-gnu/7.3.1/../../../../lib/crti.o /usr/lib/gcc/x86_64-pc-linux-gnu/7.3.1/crtbeginS.o -L/usr/lib/gcc/x86_64-pc-linux-gnu/7.3.1 -L/usr/lib/gcc/x86_64-pc-linux-gnu/7.3.1/../../../../lib -L/lib/../lib -L/usr/lib/../lib -L/usr/lib/gcc/x86_64-pc-linux-gnu/7.3.1/../../.. CMakeFiles/cmTC_b1dac.dir/CMakeCCompilerABI.c.o -lgcc --as-needed -lgcc_s --no-as-needed -lc -lgcc --as-needed -lgcc_s --no-as-needed /usr/lib/gcc/x86_64-pc-linux-gnu/7.3.1/crtendS.o /usr/lib/gcc/x86_64-pc-linux-gnu/7.3.1/../../../../lib/crtn.o]
    arg [/usr/lib/gcc/x86_64-pc-linux-gnu/7.3.1/collect2] ==> ignore
    arg [-plugin] ==> ignore
    arg [/usr/lib/gcc/x86_64-pc-linux-gnu/7.3.1/liblto_plugin.so] ==> ignore
    arg [-plugin-opt=/usr/lib/gcc/x86_64-pc-linux-gnu/7.3.1/lto-wrapper] ==> ignore
    arg [-plugin-opt=-fresolution=/tmp/ccDtNNtq.res] ==> ignore
    arg [-plugin-opt=-pass-through=-lgcc] ==> ignore
    arg [-plugin-opt=-pass-through=-lgcc_s] ==> ignore
    arg [-plugin-opt=-pass-through=-lc] ==> ignore
    arg [-plugin-opt=-pass-through=-lgcc] ==> ignore
    arg [-plugin-opt=-pass-through=-lgcc_s] ==> ignore
    arg [--build-id] ==> ignore
    arg [--eh-frame-hdr] ==> ignore
    arg [--hash-style=gnu] ==> ignore
    arg [-m] ==> ignore
    arg [elf_x86_64] ==> ignore
    arg [-export-dynamic] ==> ignore
    arg [-dynamic-linker] ==> ignore
    arg [/lib64/ld-linux-x86-64.so.2] ==> ignore
    arg [-pie] ==> ignore
    arg [-o] ==> ignore
    arg [cmTC_b1dac] ==> ignore
    arg [/usr/lib/gcc/x86_64-pc-linux-gnu/7.3.1/../../../../lib/Scrt1.o] ==> ignore
    arg [/usr/lib/gcc/x86_64-pc-linux-gnu/7.3.1/../../../../lib/crti.o] ==> ignore
    arg [/usr/lib/gcc/x86_64-pc-linux-gnu/7.3.1/crtbeginS.o] ==> ignore
    arg [-L/usr/lib/gcc/x86_64-pc-linux-gnu/7.3.1] ==> dir [/usr/lib/gcc/x86_64-pc-linux-gnu/7.3.1]
    arg [-L/usr/lib/gcc/x86_64-pc-linux-gnu/7.3.1/../../../../lib] ==> dir [/usr/lib/gcc/x86_64-pc-linux-gnu/7.3.1/../../../../lib]
    arg [-L/lib/../lib] ==> dir [/lib/../lib]
    arg [-L/usr/lib/../lib] ==> dir [/usr/lib/../lib]
    arg [-L/usr/lib/gcc/x86_64-pc-linux-gnu/7.3.1/../../..] ==> dir [/usr/lib/gcc/x86_64-pc-linux-gnu/7.3.1/../../..]
    arg [CMakeFiles/cmTC_b1dac.dir/CMakeCCompilerABI.c.o] ==> ignore
    arg [-lgcc] ==> lib [gcc]
    arg [--as-needed] ==> ignore
    arg [-lgcc_s] ==> lib [gcc_s]
    arg [--no-as-needed] ==> ignore
    arg [-lc] ==> lib [c]
    arg [-lgcc] ==> lib [gcc]
    arg [--as-needed] ==> ignore
    arg [-lgcc_s] ==> lib [gcc_s]
    arg [--no-as-needed] ==> ignore
    arg [/usr/lib/gcc/x86_64-pc-linux-gnu/7.3.1/crtendS.o] ==> ignore
    arg [/usr/lib/gcc/x86_64-pc-linux-gnu/7.3.1/../../../../lib/crtn.o] ==> ignore
  collapse library dir [/usr/lib/gcc/x86_64-pc-linux-gnu/7.3.1] ==> [/usr/lib/gcc/x86_64-pc-linux-gnu/7.3.1]
  collapse library dir [/usr/lib/gcc/x86_64-pc-linux-gnu/7.3.1/../../../../lib] ==> [/usr/lib]
  collapse library dir [/lib/../lib] ==> [/lib]
  collapse library dir [/usr/lib/../lib] ==> [/usr/lib]
  collapse library dir [/usr/lib/gcc/x86_64-pc-linux-gnu/7.3.1/../../..] ==> [/usr/lib]
  implicit libs: [gcc;gcc_s;c;gcc;gcc_s]
  implicit dirs: [/usr/lib/gcc/x86_64-pc-linux-gnu/7.3.1;/usr/lib;/lib]
  implicit fwks: []




Detecting C [-std=c11] compiler features compiled with the following output:
Change Dir: /media/storage/github/nekobot/CMakeFiles/CMakeTmp

Run Build Command:"/usr/bin/make" "cmTC_2b013/fast"
/usr/bin/make -f CMakeFiles/cmTC_2b013.dir/build.make CMakeFiles/cmTC_2b013.dir/build
make[1]: Entering directory '/media/storage/github/nekobot/CMakeFiles/CMakeTmp'
Building C object CMakeFiles/cmTC_2b013.dir/feature_tests.c.o
/usr/bin/gcc   -std=c11 -o CMakeFiles/cmTC_2b013.dir/feature_tests.c.o   -c /media/storage/github/nekobot/CMakeFiles/feature_tests.c
Linking C executable cmTC_2b013
/usr/bin/cmake -E cmake_link_script CMakeFiles/cmTC_2b013.dir/link.txt --verbose=1
/usr/bin/gcc      -rdynamic CMakeFiles/cmTC_2b013.dir/feature_tests.c.o  -o cmTC_2b013 
make[1]: Leaving directory '/media/storage/github/nekobot/CMakeFiles/CMakeTmp'


    Feature record: C_FEATURE:1c_function_prototypes
    Feature record: C_FEATURE:1c_restrict
    Feature record: C_FEATURE:1c_static_assert
    Feature record: C_FEATURE:1c_variadic_macros


Detecting C [-std=c99] compiler features compiled with the following output:
Change Dir: /media/storage/github/nekobot/CMakeFiles/CMakeTmp

Run Build Command:"/usr/bin/make" "cmTC_fa5a0/fast"
/usr/bin/make -f CMakeFiles/cmTC_fa5a0.dir/build.make CMakeFiles/cmTC_fa5a0.dir/build
make[1]: Entering directory '/media/storage/github/nekobot/CMakeFiles/CMakeTmp'
Building C object CMakeFiles/cmTC_fa5a0.dir/feature_tests.c.o
/usr/bin/gcc   -std=c99 -o CMakeFiles/cmTC_fa5a0.dir/feature_tests.c.o   -c /media/storage/github/nekobot/CMakeFiles/feature_tests.c
Linking C executable cmTC_fa5a0
/usr/bin/cmake -E cmake_link_script CMakeFiles/cmTC_fa5a0.dir/link.txt --verbose=1
/usr/bin/gcc      -rdynamic CMakeFiles/cmTC_fa5a0.dir/feature_tests.c.o  -o cmTC_fa5a0 
make[1]: Leaving directory '/media/storage/github/nekobot/CMakeFiles/CMakeTmp'


    Feature record: C_FEATURE:1c_function_prototypes
    Feature record: C_FEATURE:1c_restrict
    Feature record: C_FEATURE:0c_static_assert
    Feature record: C_FEATURE:1c_variadic_macros


Detecting C [-std=c90] compiler features compiled with the following output:
Change Dir: /media/storage/github/nekobot/CMakeFiles/CMakeTmp

Run Build Command:"/usr/bin/make" "cmTC_adafb/fast"
/usr/bin/make -f CMakeFiles/cmTC_adafb.dir/build.make CMakeFiles/cmTC_adafb.dir/build
make[1]: Entering directory '/media/storage/github/nekobot/CMakeFiles/CMakeTmp'
Building C object CMakeFiles/cmTC_adafb.dir/feature_tests.c.o
/usr/bin/gcc   -std=c90 -o CMakeFiles/cmTC_adafb.dir/feature_tests.c.o   -c /media/storage/github/nekobot/CMakeFiles/feature_tests.c
Linking C executable cmTC_adafb
/usr/bin/cmake -E cmake_link_script CMakeFiles/cmTC_adafb.dir/link.txt --verbose=1
/usr/bin/gcc      -rdynamic CMakeFiles/cmTC_adafb.dir/feature_tests.c.o  -o cmTC_adafb 
make[1]: Leaving directory '/media/storage/github/nekobot/CMakeFiles/CMakeTmp'


    Feature record: C_FEATURE:1c_function_prototypes
    Feature record: C_FEATURE:0c_restrict
    Feature record: C_FEATURE:0c_static_assert
    Feature record: C_FEATURE:0c_variadic_macros
Determining if the CXX compiler works passed with the following output:
Change Dir: /media/storage/github/nekobot/CMakeFiles/CMakeTmp

Run Build Command:"/usr/bin/make" "cmTC_74f66/fast"
/usr/bin/make -f CMakeFiles/cmTC_74f66.dir/build.make CMakeFiles/cmTC_74f66.dir/build
make[1]: Entering directory '/media/storage/github/nekobot/CMakeFiles/CMakeTmp'
Building CXX object CMakeFiles/cmTC_74f66.dir/testCXXCompiler.cxx.o
/usr/bin/g++     -o CMakeFiles/cmTC_74f66.dir/testCXXCompiler.cxx.o -c /media/storage/github/nekobot/CMakeFiles/CMakeTmp/testCXXCompiler.cxx
Linking CXX executable cmTC_74f66
/usr/bin/cmake -E cmake_link_script CMakeFiles/cmTC_74f66.dir/link.txt --verbose=1
/usr/bin/g++       -rdynamic CMakeFiles/cmTC_74f66.dir/testCXXCompiler.cxx.o  -o cmTC_74f66 
make[1]: Leaving directory '/media/storage/github/nekobot/CMakeFiles/CMakeTmp'


Detecting CXX compiler ABI info compiled with the following output:
Change Dir: /media/storage/github/nekobot/CMakeFiles/CMakeTmp

Run Build Command:"/usr/bin/make" "cmTC_68773/fast"
/usr/bin/make -f CMakeFiles/cmTC_68773.dir/build.make CMakeFiles/cmTC_68773.dir/build
make[1]: Entering directory '/media/storage/github/nekobot/CMakeFiles/CMakeTmp'
Building CXX object CMakeFiles/cmTC_68773.dir/CMakeCXXCompilerABI.cpp.o
/usr/bin/g++     -o CMakeFiles/cmTC_68773.dir/CMakeCXXCompilerABI.cpp.o -c /usr/share/cmake-3.10/Modules/CMakeCXXCompilerABI.cpp
Linking CXX executable cmTC_68773
/usr/bin/cmake -E cmake_link_script CMakeFiles/cmTC_68773.dir/link.txt --verbose=1
/usr/bin/g++      -v -rdynamic CMakeFiles/cmTC_68773.dir/CMakeCXXCompilerABI.cpp.o  -o cmTC_68773 
Using built-in specs.
COLLECT_GCC=/usr/bin/g++
COLLECT_LTO_WRAPPER=/usr/lib/gcc/x86_64-pc-linux-gnu/7.3.1/lto-wrapper
Target: x86_64-pc-linux-gnu
Configured with: /build/gcc/src/gcc/configure --prefix=/usr --libdir=/usr/lib --libexecdir=/usr/lib --mandir=/usr/share/man --infodir=/usr/share/info --with-bugurl=https://bugs.archlinux.org/ --enable-languages=c,c++,ada,fortran,go,lto,objc,obj-c++ --enable-shared --enable-threads=posix --enable-libmpx --with-system-zlib --with-isl --enable-__cxa_atexit --disable-libunwind-exceptions --enable-clocale=gnu --disable-libstdcxx-pch --disable-libssp --enable-gnu-unique-object --enable-linker-build-id --enable-lto --enable-plugin --enable-install-libiberty --with-linker-hash-style=gnu --enable-gnu-indirect-function --enable-multilib --disable-werror --enable-checking=release --enable-default-pie --enable-default-ssp
Thread model: posix
gcc version 7.3.1 20180312 (GCC) 
COMPILER_PATH=/usr/lib/gcc/x86_64-pc-linux-gnu/7.3.1/:/usr/lib/gcc/x86_64-pc-linux-gnu/7.3.1/:/usr/lib/gcc/x86_64-pc-linux-gnu/:/usr/lib/gcc/x86_64-pc-linux-gnu/7.3.1/:/usr/lib/gcc/x86_64-pc-linux-gnu/
LIBRARY_PATH=/usr/lib/gcc/x86_64-pc-linux-gnu/7.3.1/:/usr/lib/gcc/x86_64-pc-linux-gnu/7.3.1/../../../../lib/:/lib/../lib/:/usr/lib/../lib/:/usr/lib/gcc/x86_64-pc-linux-gnu/7.3.1/../../../:/lib/:/usr/lib/
COLLECT_GCC_OPTIONS='-v' '-rdynamic' '-o' 'cmTC_68773' '-shared-libgcc' '-mtune=generic' '-march=x86-64'
 /usr/lib/gcc/x86_64-pc-linux-gnu/7.3.1/collect2 -plugin /usr/lib/gcc/x86_64-pc-linux-gnu/7.3.1/liblto_plugin.so -plugin-opt=/usr/lib/gcc/x86_64-pc-linux-gnu/7.3.1/lto-wrapper -plugin-opt=-fresolution=/tmp/ccOVJNiQ.res -plugin-opt=-pass-through=-lgcc_s -plugin-opt=-pass-through=-lgcc -plugin-opt=-pass-through=-lc -plugin-opt=-pass-through=-lgcc_s -plugin-opt=-pass-through=-lgcc --build-id --eh-frame-hdr --hash-style=gnu -m elf_x86_64 -export-dynamic -dynamic-linker /lib64/ld-linux-x86-64.so.2 -pie -o cmTC_68773 /usr/lib/gcc/x86_64-pc-linux-gnu/7.3.1/../../../../lib/Scrt1.o /usr/lib/gcc/x86_64-pc-linux-gnu/7.3.1/../../../../lib/crti.o /usr/lib/gcc/x86_64-pc-linux-gnu/7.3.1/crtbeginS.o -L/usr/lib/gcc/x86_64-pc-linux-gnu/7.3.1 -L/usr/lib/gcc/x86_64-pc-linux-gnu/7.3.1/../../../../lib -L/lib/../lib -L/usr/lib/../lib -L/usr/lib/gcc/x86_64-pc-linux-gnu/7.3.1/../../.. CMakeFiles/cmTC_68773.dir/CMakeCXXCompilerABI.cpp.o -lstdc++ -lm -lgcc_s -lgcc -lc -lgcc_s -lgcc /usr/lib/gcc/x86_64-pc-linux-gnu/7.3.1/crtendS.o /usr/lib/gcc/x86_64-pc-linux-gnu/7.3.1/../../../../lib/crtn.o
COLLECT_GCC_OPTIONS='-v' '-rdynamic' '-o' 'cmTC_68773' '-shared-libgcc' '-mtune=generic' '-march=x86-64'
make[1]: Leaving directory '/media/storage/github/nekobot/CMakeFiles/CMakeTmp'


Parsed CXX implicit link information from above output:
  link line regex: [^( *|.*[/\])(ld|CMAKE_LINK_STARTFILE-NOTFOUND|([^/\]+-)?ld|collect2)[^/\]*( |$)]
  ignore line: [Change Dir: /media/storage/github/nekobot/CMakeFiles/CMakeTmp]
  ignore line: []
  ignore line: [Run Build Command:"/usr/bin/make" "cmTC_68773/fast"]
  ignore line: [/usr/bin/make -f CMakeFiles/cmTC_68773.dir/build.make CMakeFiles/cmTC_68773.dir/build]
  ignore line: [make[1]: Entering directory '/media/storage/github/nekobot/CMakeFiles/CMakeTmp']
  ignore line: [Building CXX object CMakeFiles/cmTC_68773.dir/CMakeCXXCompilerABI.cpp.o]
  ignore line: [/usr/bin/g++     -o CMakeFiles/cmTC_68773.dir/CMakeCXXCompilerABI.cpp.o -c /usr/share/cmake-3.10/Modules/CMakeCXXCompilerABI.cpp]
  ignore line: [Linking CXX executable cmTC_68773]
  ignore line: [/usr/bin/cmake -E cmake_link_script CMakeFiles/cmTC_68773.dir/link.txt --verbose=1]
  ignore line: [/usr/bin/g++      -v -rdynamic CMakeFiles/cmTC_68773.dir/CMakeCXXCompilerABI.cpp.o  -o cmTC_68773 ]
  ignore line: [Using built-in specs.]
  ignore line: [COLLECT_GCC=/usr/bin/g++]
  ignore line: [COLLECT_LTO_WRAPPER=/usr/lib/gcc/x86_64-pc-linux-gnu/7.3.1/lto-wrapper]
  ignore line: [Target: x86_64-pc-linux-gnu]
  ignore line: [Configured with: /build/gcc/src/gcc/configure --prefix=/usr --libdir=/usr/lib --libexecdir=/usr/lib --mandir=/usr/share/man --infodir=/usr/share/info --with-bugurl=https://bugs.archlinux.org/ --enable-languages=c,c++,ada,fortran,go,lto,objc,obj-c++ --enable-shared --enable-threads=posix --enable-libmpx --with-system-zlib --with-isl --enable-__cxa_atexit --disable-libunwind-exceptions --enable-clocale=gnu --disable-libstdcxx-pch --disable-libssp --enable-gnu-unique-object --enable-linker-build-id --enable-lto --enable-plugin --enable-install-libiberty --with-linker-hash-style=gnu --enable-gnu-indirect-function --enable-multilib --disable-werror --enable-checking=release --enable-default-pie --enable-default-ssp]
  ignore line: [Thread model: posix]
  ignore line: [gcc version 7.3.1 20180312 (GCC) ]
  ignore line: [COMPILER_PATH=/usr/lib/gcc/x86_64-pc-linux-gnu/7.3.1/:/usr/lib/gcc/x86_64-pc-linux-gnu/7.3.1/:/usr/lib/gcc/x86_64-pc-linux-gnu/:/usr/lib/gcc/x86_64-pc-linux-gnu/7.3.1/:/usr/lib/gcc/x86_64-pc-linux-gnu/]
  ignore line: [LIBRARY_PATH=/usr/lib/gcc/x86_64-pc-linux-gnu/7.3.1/:/usr/lib/gcc/x86_64-pc-linux-gnu/7.3.1/../../../../lib/:/lib/../lib/:/usr/lib/../lib/:/usr/lib/gcc/x86_64-pc-linux-gnu/7.3.1/../../../:/lib/:/usr/lib/]
  ignore line: [COLLECT_GCC_OPTIONS='-v' '-rdynamic' '-o' 'cmTC_68773' '-shared-libgcc' '-mtune=generic' '-march=x86-64']
  link line: [ /usr/lib/gcc/x86_64-pc-linux-gnu/7.3.1/collect2 -plugin /usr/lib/gcc/x86_64-pc-linux-gnu/7.3.1/liblto_plugin.so -plugin-opt=/usr/lib/gcc/x86_64-pc-linux-gnu/7.3.1/lto-wrapper -plugin-opt=-fresolution=/tmp/ccOVJNiQ.res -plugin-opt=-pass-through=-lgcc_s -plugin-opt=-pass-through=-lgcc -plugin-opt=-pass-through=-lc -plugin-opt=-pass-through=-lgcc_s -plugin-opt=-pass-through=-lgcc --build-id --eh-frame-hdr --hash-style=gnu -m elf_x86_64 -export-dynamic -dynamic-linker /lib64/ld-linux-x86-64.so.2 -pie -o cmTC_68773 /usr/lib/gcc/x86_64-pc-linux-gnu/7.3.1/../../../../lib/Scrt1.o /usr/lib/gcc/x86_64-pc-linux-gnu/7.3.1/../../../../lib/crti.o /usr/lib/gcc/x86_64-pc-linux-gnu/7.3.1/crtbeginS.o -L/usr/lib/gcc/x86_64-pc-linux-gnu/7.3.1 -L/usr/lib/gcc/x86_64-pc-linux-gnu/7.3.1/../../../../lib -L/lib/../lib -L/usr/lib/../lib -L/usr/lib/gcc/x86_64-pc-linux-gnu/7.3.1/../../.. CMakeFiles/cmTC_68773.dir/CMakeCXXCompilerABI.cpp.o -lstdc++ -lm -lgcc_s -lgcc -lc -lgcc_s -lgcc /usr/lib/gcc/x86_64-pc-linux-gnu/7.3.1/crtendS.o /usr/lib/gcc/x86_64-pc-linux-gnu/7.3.1/../../../../lib/crtn.o]
    arg [/usr/lib/gcc/x86_64-pc-linux-gnu/7.3.1/collect2] ==> ignore
    arg [-plugin] ==> ignore
    arg [/usr/lib/gcc/x86_64-pc-linux-gnu/7.3.1/liblto_plugin.so] ==> ignore
    arg [-plugin-opt=/usr/lib/gcc/x86_64-pc-linux-gnu/7.3.1/lto-wrapper] ==> ignore
    arg [-plugin-opt=-fresolution=/tmp/ccOVJNiQ.res] ==> ignore
    arg [-plugin-opt=-pass-through=-lgcc_s] ==> ignore
    arg [-plugin-opt=-pass-through=-lgcc] ==> ignore
    arg [-plugin-opt=-pass-through=-lc] ==> ignore
    arg [-plugin-opt=-pass-through=-lgcc_s] ==> ignore
    arg [-plugin-opt=-pass-through=-lgcc] ==> ignore
    arg [--build-id] ==> ignore
    arg [--eh-frame-hdr] ==> ignore
    arg [--hash-style=gnu] ==> ignore
    arg [-m] ==> ignore
    arg [elf_x86_64] ==> ignore
    arg [-export-dynamic] ==> ignore
    arg [-dynamic-linker] ==> ignore
    arg [/lib64/ld-linux-x86-64.so.2] ==> ignore
    arg [-pie] ==> ignore
    arg [-o] ==> ignore
    arg [cmTC_68773] ==> ignore
    arg [/usr/lib/gcc/x86_64-pc-linux-gnu/7.3.1/../../../../lib/Scrt1.o] ==> ignore
    arg [/usr/lib/gcc/x86_64-pc-linux-gnu/7.3.1/../../../../lib/crti.o] ==> ignore
    arg [/usr/lib/gcc/x86_64-pc-linux-gnu/7.3.1/crtbeginS.o] ==> ignore
    arg [-L/usr/lib/gcc/x86_64-pc-linux-gnu/7.3.1] ==> dir [/usr/lib/gcc/x86_64-pc-linux-gnu/7.3.1]
    arg [-L/usr/lib/gcc/x86_64-pc-linux-gnu/7.3.1/../../../../lib] ==> dir [/usr/lib/gcc/x86_64-pc-linux-gnu/7.3.1/../../../../lib]
    arg [-L/lib/../lib] ==> dir [/lib/../lib]
    arg [-L/usr/lib/../lib] ==> dir [/usr/lib/../lib]
    arg [-L/usr/lib/gcc/x86_64-pc-linux-gnu/7.3.1/../../..] ==> dir [/usr/lib/gcc/x86_64-pc-linux-gnu/7.3.1/../../..]
    arg [CMakeFiles/cmTC_68773.dir/CMakeCXXCompilerABI.cpp.o] ==> ignore
    arg [-lstdc++] ==> lib [stdc++]
    arg [-lm] ==> lib [m]
    arg [-lgcc_s] ==> lib [gcc_s]
    arg [-lgcc] ==> lib [gcc]
    arg [-lc] ==> lib [c]
    arg [-lgcc_s] ==> lib [gcc_s]
    arg [-lgcc] ==> lib [gcc]
    arg [/usr/lib/gcc/x86_64-pc-linux-gnu/7.3.1/crtendS.o] ==> ignore
    arg [/usr/lib/gcc/x86_64-pc-linux-gnu/7.3.1/../../../../lib/crtn.o] ==> ignore
  collapse library dir [/usr/lib/gcc/x86_64-pc-linux-gnu/7.3.1] ==> [/usr/lib/gcc/x86_64-pc-linux-gnu/7.3.1]
  collapse library dir [/usr/lib/gcc/x86_64-pc-linux-gnu/7.3.1/../../../../lib] ==> [/usr/lib]
  collapse library dir [/lib/../lib] ==> [/lib]
  collapse library dir [/usr/lib/../lib] ==> [/usr/lib]
  collapse library dir [/usr/lib/gcc/x86_64-pc-linux-gnu/7.3.1/../../..] ==> [/usr/lib]
  implicit libs: [stdc++;m;gcc_s;gcc;c;gcc_s;gcc]
  implicit dirs: [/usr/lib/gcc/x86_64-pc-linux-gnu/7.3.1;/usr/lib;/lib]
  implicit fwks: []




Detecting CXX [-std=c++1z] compiler features compiled with the following output:
Change Dir: /media/storage/github/nekobot/CMakeFiles/CMakeTmp

Run Build Command:"/usr/bin/make" "cmTC_75c78/fast"
/usr/bin/make -f CMakeFiles/cmTC_75c78.dir/build.make CMakeFiles/cmTC_75c78.dir/build
make[1]: Entering directory '/media/storage/github/nekobot/CMakeFiles/CMakeTmp'
Building CXX object CMakeFiles/cmTC_75c78.dir/feature_tests.cxx.o
/usr/bin/g++    -std=c++1z -o CMakeFiles/cmTC_75c78.dir/feature_tests.cxx.o -c /media/storage/github/nekobot/CMakeFiles/feature_tests.cxx
Linking CXX executable cmTC_75c78
/usr/bin/cmake -E cmake_link_script CMakeFiles/cmTC_75c78.dir/link.txt --verbose=1
/usr/bin/g++       -rdynamic CMakeFiles/cmTC_75c78.dir/feature_tests.cxx.o  -o cmTC_75c78 
make[1]: Leaving directory '/media/storage/github/nekobot/CMakeFiles/CMakeTmp'


    Feature record: CXX_FEATURE:1cxx_aggregate_default_initializers
    Feature record: CXX_FEATURE:1cxx_alias_templates
    Feature record: CXX_FEATURE:1cxx_alignas
    Feature record: CXX_FEATURE:1cxx_alignof
    Feature record: CXX_FEATURE:1cxx_attributes
    Feature record: CXX_FEATURE:1cxx_attribute_deprecated
    Feature record: CXX_FEATURE:1cxx_auto_type
    Feature record: CXX_FEATURE:1cxx_binary_literals
    Feature record: CXX_FEATURE:1cxx_constexpr
    Feature record: CXX_FEATURE:1cxx_contextual_conversions
    Feature record: CXX_FEATURE:1cxx_decltype
    Feature record: CXX_FEATURE:1cxx_decltype_auto
    Feature record: CXX_FEATURE:1cxx_decltype_incomplete_return_types
    Feature record: CXX_FEATURE:1cxx_default_function_template_args
    Feature record: CXX_FEATURE:1cxx_defaulted_functions
    Feature record: CXX_FEATURE:1cxx_defaulted_move_initializers
    Feature record: CXX_FEATURE:1cxx_delegating_constructors
    Feature record: CXX_FEATURE:1cxx_deleted_functions
    Feature record: CXX_FEATURE:1cxx_digit_separators
    Feature record: CXX_FEATURE:1cxx_enum_forward_declarations
    Feature record: CXX_FEATURE:1cxx_explicit_conversions
    Feature record: CXX_FEATURE:1cxx_extended_friend_declarations
    Feature record: CXX_FEATURE:1cxx_extern_templates
    Feature record: CXX_FEATURE:1cxx_final
    Feature record: CXX_FEATURE:1cxx_func_identifier
    Feature record: CXX_FEATURE:1cxx_generalized_initializers
    Feature record: CXX_FEATURE:1cxx_generic_lambdas
    Feature record: CXX_FEATURE:1cxx_inheriting_constructors
    Feature record: CXX_FEATURE:1cxx_inline_namespaces
    Feature record: CXX_FEATURE:1cxx_lambdas
    Feature record: CXX_FEATURE:1cxx_lambda_init_captures
    Feature record: CXX_FEATURE:1cxx_local_type_template_args
    Feature record: CXX_FEATURE:1cxx_long_long_type
    Feature record: CXX_FEATURE:1cxx_noexcept
    Feature record: CXX_FEATURE:1cxx_nonstatic_member_init
    Feature record: CXX_FEATURE:1cxx_nullptr
    Feature record: CXX_FEATURE:1cxx_override
    Feature record: CXX_FEATURE:1cxx_range_for
    Feature record: CXX_FEATURE:1cxx_raw_string_literals
    Feature record: CXX_FEATURE:1cxx_reference_qualified_functions
    Feature record: CXX_FEATURE:1cxx_relaxed_constexpr
    Feature record: CXX_FEATURE:1cxx_return_type_deduction
    Feature record: CXX_FEATURE:1cxx_right_angle_brackets
    Feature record: CXX_FEATURE:1cxx_rvalue_references
    Feature record: CXX_FEATURE:1cxx_sizeof_member
    Feature record: CXX_FEATURE:1cxx_static_assert
    Feature record: CXX_FEATURE:1cxx_strong_enums
    Feature record: CXX_FEATURE:1cxx_template_template_parameters
    Feature record: CXX_FEATURE:1cxx_thread_local
    Feature record: CXX_FEATURE:1cxx_trailing_return_types
    Feature record: CXX_FEATURE:1cxx_unicode_literals
    Feature record: CXX_FEATURE:1cxx_uniform_initialization
    Feature record: CXX_FEATURE:1cxx_unrestricted_unions
    Feature record: CXX_FEATURE:1cxx_user_literals
    Feature record: CXX_FEATURE:1cxx_variable_templates
    Feature record: CXX_FEATURE:1cxx_variadic_macros
    Feature record: CXX_FEATURE:1cxx_variadic_templates


Detecting CXX [-std=c++14] compiler features compiled with the following output:
Change Dir: /media/storage/github/nekobot/CMakeFiles/CMakeTmp

Run Build Command:"/usr/bin/make" "cmTC_a62fd/fast"
/usr/bin/make -f CMakeFiles/cmTC_a62fd.dir/build.make CMakeFiles/cmTC_a62fd.dir/build
make[1]: Entering directory '/media/storage/github/nekobot/CMakeFiles/CMakeTmp'
Building CXX object CMakeFiles/cmTC_a62fd.dir/feature_tests.cxx.o
/usr/bin/g++    -std=c++14 -o CMakeFiles/cmTC_a62fd.dir/feature_tests.cxx.o -c /media/storage/github/nekobot/CMakeFiles/feature_tests.cxx
Linking CXX executable cmTC_a62fd
/usr/bin/cmake -E cmake_link_script CMakeFiles/cmTC_a62fd.dir/link.txt --verbose=1
/usr/bin/g++       -rdynamic CMakeFiles/cmTC_a62fd.dir/feature_tests.cxx.o  -o cmTC_a62fd 
make[1]: Leaving directory '/media/storage/github/nekobot/CMakeFiles/CMakeTmp'


    Feature record: CXX_FEATURE:1cxx_aggregate_default_initializers
    Feature record: CXX_FEATURE:1cxx_alias_templates
    Feature record: CXX_FEATURE:1cxx_alignas
    Feature record: CXX_FEATURE:1cxx_alignof
    Feature record: CXX_FEATURE:1cxx_attributes
    Feature record: CXX_FEATURE:1cxx_attribute_deprecated
    Feature record: CXX_FEATURE:1cxx_auto_type
    Feature record: CXX_FEATURE:1cxx_binary_literals
    Feature record: CXX_FEATURE:1cxx_constexpr
    Feature record: CXX_FEATURE:1cxx_contextual_conversions
    Feature record: CXX_FEATURE:1cxx_decltype
    Feature record: CXX_FEATURE:1cxx_decltype_auto
    Feature record: CXX_FEATURE:1cxx_decltype_incomplete_return_types
    Feature record: CXX_FEATURE:1cxx_default_function_template_args
    Feature record: CXX_FEATURE:1cxx_defaulted_functions
    Feature record: CXX_FEATURE:1cxx_defaulted_move_initializers
    Feature record: CXX_FEATURE:1cxx_delegating_constructors
    Feature record: CXX_FEATURE:1cxx_deleted_functions
    Feature record: CXX_FEATURE:1cxx_digit_separators
    Feature record: CXX_FEATURE:1cxx_enum_forward_declarations
    Feature record: CXX_FEATURE:1cxx_explicit_conversions
    Feature record: CXX_FEATURE:1cxx_extended_friend_declarations
    Feature record: CXX_FEATURE:1cxx_extern_templates
    Feature record: CXX_FEATURE:1cxx_final
    Feature record: CXX_FEATURE:1cxx_func_identifier
    Feature record: CXX_FEATURE:1cxx_generalized_initializers
    Feature record: CXX_FEATURE:1cxx_generic_lambdas
    Feature record: CXX_FEATURE:1cxx_inheriting_constructors
    Feature record: CXX_FEATURE:1cxx_inline_namespaces
    Feature record: CXX_FEATURE:1cxx_lambdas
    Feature record: CXX_FEATURE:1cxx_lambda_init_captures
    Feature record: CXX_FEATURE:1cxx_local_type_template_args
    Feature record: CXX_FEATURE:1cxx_long_long_type
    Feature record: CXX_FEATURE:1cxx_noexcept
    Feature record: CXX_FEATURE:1cxx_nonstatic_member_init
    Feature record: CXX_FEATURE:1cxx_nullptr
    Feature record: CXX_FEATURE:1cxx_override
    Feature record: CXX_FEATURE:1cxx_range_for
    Feature record: CXX_FEATURE:1cxx_raw_string_literals
    Feature record: CXX_FEATURE:1cxx_reference_qualified_functions
    Feature record: CXX_FEATURE:1cxx_relaxed_constexpr
    Feature record: CXX_FEATURE:1cxx_return_type_deduction
    Feature record: CXX_FEATURE:1cxx_right_angle_brackets
    Feature record: CXX_FEATURE:1cxx_rvalue_references
    Feature record: CXX_FEATURE:1cxx_sizeof_member
    Feature record: CXX_FEATURE:1cxx_static_assert
    Feature record: CXX_FEATURE:1cxx_strong_enums
    Feature record: CXX_FEATURE:1cxx_template_template_parameters
    Feature record: CXX_FEATURE:1cxx_thread_local
    Feature record: CXX_FEATURE:1cxx_trailing_return_types
    Feature record: CXX_FEATURE:1cxx_unicode_literals
    Feature record: CXX_FEATURE:1cxx_uniform_initialization
    Feature record: CXX_FEATURE:1cxx_unrestricted_unions
    Feature record: CXX_FEATURE:1cxx_user_literals
    Feature record: CXX_FEATURE:1cxx_variable_templates
    Feature record: CXX_FEATURE:1cxx_variadic_macros
    Feature record: CXX_FEATURE:1cxx_variadic_templates


Detecting CXX [-std=c++11] compiler features compiled with the following output:
Change Dir: /media/storage/github/nekobot/CMakeFiles/CMakeTmp

Run Build Command:"/usr/bin/make" "cmTC_d0393/fast"
/usr/bin/make -f CMakeFiles/cmTC_d0393.dir/build.make CMakeFiles/cmTC_d0393.dir/build
make[1]: Entering directory '/media/storage/github/nekobot/CMakeFiles/CMakeTmp'
Building CXX object CMakeFiles/cmTC_d0393.dir/feature_tests.cxx.o
/usr/bin/g++    -std=c++11 -o CMakeFiles/cmTC_d0393.dir/feature_tests.cxx.o -c /media/storage/github/nekobot/CMakeFiles/feature_tests.cxx
Linking CXX executable cmTC_d0393
/usr/bin/cmake -E cmake_link_script CMakeFiles/cmTC_d0393.dir/link.txt --verbose=1
/usr/bin/g++       -rdynamic CMakeFiles/cmTC_d0393.dir/feature_tests.cxx.o  -o cmTC_d0393 
make[1]: Leaving directory '/media/storage/github/nekobot/CMakeFiles/CMakeTmp'


    Feature record: CXX_FEATURE:0cxx_aggregate_default_initializers
    Feature record: CXX_FEATURE:1cxx_alias_templates
    Feature record: CXX_FEATURE:1cxx_alignas
    Feature record: CXX_FEATURE:1cxx_alignof
    Feature record: CXX_FEATURE:1cxx_attributes
    Feature record: CXX_FEATURE:0cxx_attribute_deprecated
    Feature record: CXX_FEATURE:1cxx_auto_type
    Feature record: CXX_FEATURE:0cxx_binary_literals
    Feature record: CXX_FEATURE:1cxx_constexpr
    Feature record: CXX_FEATURE:0cxx_contextual_conversions
    Feature record: CXX_FEATURE:1cxx_decltype
    Feature record: CXX_FEATURE:0cxx_decltype_auto
    Feature record: CXX_FEATURE:1cxx_decltype_incomplete_return_types
    Feature record: CXX_FEATURE:1cxx_default_function_template_args
    Feature record: CXX_FEATURE:1cxx_defaulted_functions
    Feature record: CXX_FEATURE:1cxx_defaulted_move_initializers
    Feature record: CXX_FEATURE:1cxx_delegating_constructors
    Feature record: CXX_FEATURE:1cxx_deleted_functions
    Feature record: CXX_FEATURE:0cxx_digit_separators
    Feature record: CXX_FEATURE:1cxx_enum_forward_declarations
    Feature record: CXX_FEATURE:1cxx_explicit_conversions
    Feature record: CXX_FEATURE:1cxx_extended_friend_declarations
    Feature record: CXX_FEATURE:1cxx_extern_templates
    Feature record: CXX_FEATURE:1cxx_final
    Feature record: CXX_FEATURE:1cxx_func_identifier
    Feature record: CXX_FEATURE:1cxx_generalized_initializers
    Feature record: CXX_FEATURE:0cxx_generic_lambdas
    Feature record: CXX_FEATURE:1cxx_inheriting_constructors
    Feature record: CXX_FEATURE:1cxx_inline_namespaces
    Feature record: CXX_FEATURE:1cxx_lambdas
    Feature record: CXX_FEATURE:0cxx_lambda_init_captures
    Feature record: CXX_FEATURE:1cxx_local_type_template_args
    Feature record: CXX_FEATURE:1cxx_long_long_type
    Feature record: CXX_FEATURE:1cxx_noexcept
    Feature record: CXX_FEATURE:1cxx_nonstatic_member_init
    Feature record: CXX_FEATURE:1cxx_nullptr
    Feature record: CXX_FEATURE:1cxx_override
    Feature record: CXX_FEATURE:1cxx_range_for
    Feature record: CXX_FEATURE:1cxx_raw_string_literals
    Feature record: CXX_FEATURE:1cxx_reference_qualified_functions
    Feature record: CXX_FEATURE:0cxx_relaxed_constexpr
    Feature record: CXX_FEATURE:0cxx_return_type_deduction
    Feature record: CXX_FEATURE:1cxx_right_angle_brackets
    Feature record: CXX_FEATURE:1cxx_rvalue_references
    Feature record: CXX_FEATURE:1cxx_sizeof_member
    Feature record: CXX_FEATURE:1cxx_static_assert
    Feature record: CXX_FEATURE:1cxx_strong_enums
    Feature record: CXX_FEATURE:1cxx_template_template_parameters
    Feature record: CXX_FEATURE:1cxx_thread_local
    Feature record: CXX_FEATURE:1cxx_trailing_return_types
    Feature record: CXX_FEATURE:1cxx_unicode_literals
    Feature record: CXX_FEATURE:1cxx_uniform_initialization
    Feature record: CXX_FEATURE:1cxx_unrestricted_unions
    Feature record: CXX_FEATURE:1cxx_user_literals
    Feature record: CXX_FEATURE:0cxx_variable_templates
    Feature record: CXX_FEATURE:1cxx_variadic_macros
    Feature record: CXX_FEATURE:1cxx_variadic_templates


Detecting CXX [-std=c++98] compiler features compiled with the following output:
Change Dir: /media/storage/github/nekobot/CMakeFiles/CMakeTmp

Run Build Command:"/usr/bin/make" "cmTC_fa708/fast"
/usr/bin/make -f CMakeFiles/cmTC_fa708.dir/build.make CMakeFiles/cmTC_fa708.dir/build
make[1]: Entering directory '/media/storage/github/nekobot/CMakeFiles/CMakeTmp'
Building CXX object CMakeFiles/cmTC_fa708.dir/feature_tests.cxx.o
/usr/bin/g++    -std=c++98 -o CMakeFiles/cmTC_fa708.dir/feature_tests.cxx.o -c /media/storage/github/nekobot/CMakeFiles/feature_tests.cxx
Linking CXX executable cmTC_fa708
/usr/bin/cmake -E cmake_link_script CMakeFiles/cmTC_fa708.dir/link.txt --verbose=1
/usr/bin/g++       -rdynamic CMakeFiles/cmTC_fa708.dir/feature_tests.cxx.o  -o cmTC_fa708 
make[1]: Leaving directory '/media/storage/github/nekobot/CMakeFiles/CMakeTmp'


    Feature record: CXX_FEATURE:0cxx_aggregate_default_initializers
    Feature record: CXX_FEATURE:0cxx_alias_templates
    Feature record: CXX_FEATURE:0cxx_alignas
    Feature record: CXX_FEATURE:0cxx_alignof
    Feature record: CXX_FEATURE:0cxx_attributes
    Feature record: CXX_FEATURE:0cxx_attribute_deprecated
    Feature record: CXX_FEATURE:0cxx_auto_type
    Feature record: CXX_FEATURE:0cxx_binary_literals
    Feature record: CXX_FEATURE:0cxx_constexpr
    Feature record: CXX_FEATURE:0cxx_contextual_conversions
    Feature record: CXX_FEATURE:0cxx_decltype
    Feature record: CXX_FEATURE:0cxx_decltype_auto
    Feature record: CXX_FEATURE:0cxx_decltype_incomplete_return_types
    Feature record: CXX_FEATURE:0cxx_default_function_template_args
    Feature record: CXX_FEATURE:0cxx_defaulted_functions
    Feature record: CXX_FEATURE:0cxx_defaulted_move_initializers
    Feature record: CXX_FEATURE:0cxx_delegating_constructors
    Feature record: CXX_FEATURE:0cxx_deleted_functions
    Feature record: CXX_FEATURE:0cxx_digit_separators
    Feature record: CXX_FEATURE:0cxx_enum_forward_declarations
    Feature record: CXX_FEATURE:0cxx_explicit_conversions
    Feature record: CXX_FEATURE:0cxx_extended_friend_declarations
    Feature record: CXX_FEATURE:0cxx_extern_templates
    Feature record: CXX_FEATURE:0cxx_final
    Feature record: CXX_FEATURE:0cxx_func_identifier
    Feature record: CXX_FEATURE:0cxx_generalized_initializers
    Feature record: CXX_FEATURE:0cxx_generic_lambdas
    Feature record: CXX_FEATURE:0cxx_inheriting_constructors
    Feature record: CXX_FEATURE:0cxx_inline_namespaces
    Feature record: CXX_FEATURE:0cxx_lambdas
    Feature record: CXX_FEATURE:0cxx_lambda_init_captures
    Feature record: CXX_FEATURE:0cxx_local_type_template_args
    Feature record: CXX_FEATURE:0cxx_long_long_type
    Feature record: CXX_FEATURE:0cxx_noexcept
    Feature record: CXX_FEATURE:0cxx_nonstatic_member_init
    Feature record: CXX_FEATURE:0cxx_nullptr
    Feature record: CXX_FEATURE:0cxx_override
    Feature record: CXX_FEATURE:0cxx_range_for
    Feature record: CXX_FEATURE:0cxx_raw_string_literals
    Feature record: CXX_FEATURE:0cxx_reference_qualified_functions
    Feature record: CXX_FEATURE:0cxx_relaxed_constexpr
    Feature record: CXX_FEATURE:0cxx_return_type_deduction
    Feature record: CXX_FEATURE:0cxx_right_angle_brackets
    Feature record: CXX_FEATURE:0cxx_rvalue_references
    Feature record: CXX_FEATURE:0cxx_sizeof_member
    Feature record: CXX_FEATURE:0cxx_static_assert
    Feature record: CXX_FEATURE:0cxx_strong_enums
    Feature record: CXX_FEATURE:1cxx_template_template_parameters
    Feature record: CXX_FEATURE:0cxx_thread_local
    Feature record: CXX_FEATURE:0cxx_trailing_return_types
    Feature record: CXX_FEATURE:0cxx_unicode_literals
    Feature record: CXX_FEATURE:0cxx_uniform_initialization
    Feature record: CXX_FEATURE:0cxx_unrestricted_unions
    Feature record: CXX_FEATURE:0cxx_user_literals
    Feature record: CXX_FEATURE:0cxx_variable_templates
    Feature record: CXX_FEATURE:0cxx_variadic_macros
    Feature record: CXX_FEATURE:0cxx_variadic_templates
